# JRE version: Java(TM) SE Runtime Environment (8.0_92-b14) (build 1.8.0_92-b14)
# Java VM: Java HotSpot(TM) Client VM (25.92-b14 mixed mode windows-x86 )
Heap:
 def new generation   total 39424K, used 11465K [0x05200000, 0x07cc0000, 0x0fca0000)
  eden space 35072K,  27% used [0x05200000, 0x05b44628, 0x07440000)
  from space 4352K,  45% used [0x07440000, 0x0762e158, 0x07880000)
  to   space 4352K,   0% used [0x07880000, 0x07880000, 0x07cc0000)
 tenured generation   total 87424K, used 25011K [0x0fca0000, 0x15200000, 0x25200000)
   the space 87424K,  28% used [0x0fca0000, 0x1150ced0, 0x1150d000, 0x15200000)
 Metaspace       used 18558K, capacity 19010K, committed 19072K, reserved 19840K
GC Heap History (10 events):
Event: 154.353 GC heap before
{Heap before GC invocations=4 (full 1):
 def new generation   total 39424K, used 39424K [0x05200000, 0x07cc0000, 0x0fca0000)
  eden space 35072K, 100% used [0x05200000, 0x07440000, 0x07440000)
  from space 4352K, 100% used [0x07880000, 0x07cc0000, 0x07cc0000)
  to   space 4352K,   0% used [0x07440000, 0x07440000, 0x07880000)
 tenured generation   total 87424K, used 16673K [0x0fca0000, 0x15200000, 0x25200000)
   the space 87424K,  19% used [0x0fca0000, 0x10ce8778, 0x10ce8800, 0x15200000)
 Metaspace       used 18239K, capacity 18682K, committed 18816K, reserved 18816K
Event: 154.368 GC heap after
Heap after GC invocations=5 (full 1):
 def new generation   total 39424K, used 3425K [0x05200000, 0x07cc0000, 0x0fca0000)
  eden space 35072K,   0% used [0x05200000, 0x05200000, 0x07440000)
  from space 4352K,  78% used [0x07440000, 0x077986d8, 0x07880000)
  to   space 4352K,   0% used [0x07880000, 0x07880000, 0x07cc0000)
 tenured generation   total 87424K, used 22673K [0x0fca0000, 0x15200000, 0x25200000)
   the space 87424K,  25% used [0x0fca0000, 0x112c4528, 0x112c4600, 0x15200000)
 Metaspace       used 18239K, capacity 18682K, committed 18816K, reserved 18816K
}
Event: 652.435 GC heap before
{Heap before GC invocations=5 (full 1):
 def new generation   total 39424K, used 38497K [0x05200000, 0x07cc0000, 0x0fca0000)
  eden space 35072K, 100% used [0x05200000, 0x07440000, 0x07440000)
  from space 4352K,  78% used [0x07440000, 0x077986d8, 0x07880000)
  to   space 4352K,   0% used [0x07880000, 0x07880000, 0x07cc0000)
 tenured generation   total 87424K, used 22673K [0x0fca0000, 0x15200000, 0x25200000)
   the space 87424K,  25% used [0x0fca0000, 0x112c4528, 0x112c4600, 0x15200000)
 Metaspace       used 18447K, capacity 18911K, committed 18944K, reserved 19840K
Event: 652.441 GC heap after
Heap after GC invocations=6 (full 1):
 def new generation   total 39424K, used 533K [0x05200000, 0x07cc0000, 0x0fca0000)
  eden space 35072K,   0% used [0x05200000, 0x05200000, 0x07440000)
  from space 4352K,  12% used [0x07880000, 0x07905638, 0x07cc0000)
  to   space 4352K,   0% used [0x07440000, 0x07440000, 0x07880000)
 tenured generation   total 87424K, used 25011K [0x0fca0000, 0x15200000, 0x25200000)
   the space 87424K,  28% used [0x0fca0000, 0x1150ced0, 0x1150d000, 0x15200000)
 Metaspace       used 18447K, capacity 18911K, committed 18944K, reserved 19840K
}
Event: 898.073 GC heap before
{Heap before GC invocations=6 (full 1):
 def new generation   total 39424K, used 35605K [0x05200000, 0x07cc0000, 0x0fca0000)
  eden space 35072K, 100% used [0x05200000, 0x07440000, 0x07440000)
  from space 4352K,  12% used [0x07880000, 0x07905638, 0x07cc0000)
  to   space 4352K,   0% used [0x07440000, 0x07440000, 0x07880000)
 tenured generation   total 87424K, used 25011K [0x0fca0000, 0x15200000, 0x25200000)
   the space 87424K,  28% used [0x0fca0000, 0x1150ced0, 0x1150d000, 0x15200000)
 Metaspace       used 18557K, capacity 19010K, committed 19072K, reserved 19840K
Event: 898.077 GC heap after
Heap after GC invocations=7 (full 1):
 def new generation   total 39424K, used 1393K [0x05200000, 0x07cc0000, 0x0fca0000)
  eden space 35072K,   0% used [0x05200000, 0x05200000, 0x07440000)
  from space 4352K,  32% used [0x07440000, 0x0759c7d0, 0x07880000)
  to   space 4352K,   0% used [0x07880000, 0x07880000, 0x07cc0000)
 tenured generation   total 87424K, used 25011K [0x0fca0000, 0x15200000, 0x25200000)
   the space 87424K,  28% used [0x0fca0000, 0x1150ced0, 0x1150d000, 0x15200000)
 Metaspace       used 18557K, capacity 19010K, committed 19072K, reserved 19840K
}
Event: 2026.701 GC heap before
{Heap before GC invocations=7 (full 1):
 def new generation   total 39424K, used 36465K [0x05200000, 0x07cc0000, 0x0fca0000)
  eden space 35072K, 100% used [0x05200000, 0x07440000, 0x07440000)
  from space 4352K,  32% used [0x07440000, 0x0759c7d0, 0x07880000)
  to   space 4352K,   0% used [0x07880000, 0x07880000, 0x07cc0000)
 tenured generation   total 87424K, used 25011K [0x0fca0000, 0x15200000, 0x25200000)
   the space 87424K,  28% used [0x0fca0000, 0x1150ced0, 0x1150d000, 0x15200000)
 Metaspace       used 18557K, capacity 19010K, committed 19072K, reserved 19840K
Event: 2026.704 GC heap after
Heap after GC invocations=8 (full 1):
 def new generation   total 39424K, used 1019K [0x05200000, 0x07cc0000, 0x0fca0000)
  eden space 35072K,   0% used [0x05200000, 0x05200000, 0x07440000)
  from space 4352K,  23% used [0x07880000, 0x0797ee80, 0x07cc0000)
  to   space 4352K,   0% used [0x07440000, 0x07440000, 0x07880000)
 tenured generation   total 87424K, used 25011K [0x0fca0000, 0x15200000, 0x25200000)
   the space 87424K,  28% used [0x0fca0000, 0x1150ced0, 0x1150d000, 0x15200000)
 Metaspace       used 18557K, capacity 19010K, committed 19072K, reserved 19840K
}
Event: 2463.658 GC heap before
{Heap before GC invocations=8 (full 1):
 def new generation   total 39424K, used 36091K [0x05200000, 0x07cc0000, 0x0fca0000)
  eden space 35072K, 100% used [0x05200000, 0x07440000, 0x07440000)
  from space 4352K,  23% used [0x07880000, 0x0797ee80, 0x07cc0000)
  to   space 4352K,   0% used [0x07440000, 0x07440000, 0x07880000)
 tenured generation   total 87424K, used 25011K [0x0fca0000, 0x15200000, 0x25200000)
   the space 87424K,  28% used [0x0fca0000, 0x1150ced0, 0x1150d000, 0x15200000)
 Metaspace       used 18558K, capacity 19010K, committed 19072K, reserved 19840K
Event: 2463.661 GC heap after
Heap after GC invocations=9 (full 1):
 def new generation   total 39424K, used 1976K [0x05200000, 0x07cc0000, 0x0fca0000)
  eden space 35072K,   0% used [0x05200000, 0x05200000, 0x07440000)
  from space 4352K,  45% used [0x07440000, 0x0762e158, 0x07880000)
  to   space 4352K,   0% used [0x07880000, 0x07880000, 0x07cc0000)
 tenured generation   total 87424K, used 25011K [0x0fca0000, 0x15200000, 0x25200000)
   the space 87424K,  28% used [0x0fca0000, 0x1150ced0, 0x1150d000, 0x15200000)
 Metaspace       used 18558K, capacity 19010K, committed 19072K, reserved 19840K
}

